#
# There is insufficient memory for the Java Runtime Environment to continue.
# Native memory allocation (malloc) failed to allocate 32744 bytes for ChunkPool::allocate
# Possible reasons:
#   The system is out of physical RAM or swap space
#   In 32 bit mode, the process size limit was hit
# Possible solutions:
#   Reduce memory load on the system
#   Increase physical memory or swap space
#   Check if swap backing store is full
#   Use 64 bit Java on a 64 bit OS
#   Decrease Java heap size (-Xmx/-Xms)
#   Decrease number of Java threads
#   Decrease Java thread stack sizes (-Xss)
#   Set larger code cache with -XX:ReservedCodeCacheSize=
# This output file may be truncated or incomplete.
#
#  Out of Memory Error (allocation.cpp:273), pid=13740, tid=0x0000000000003830
#
# JRE version: Java(TM) SE Runtime Environment (8.0_121-b13) (build 1.8.0_121-b13)
# Java VM: Java HotSpot(TM) 64-Bit Server VM (25.121-b13 mixed mode windows-amd64 compressed oops)
# Failed to write core dump. Minidumps are not enabled by default on client versions of Windows
#

---------------  T H R E A D  ---------------

Current thread (0x00000000004ce800):  JavaThread "main" [_thread_in_native, id=14384, stack(0x0000000002b70000,0x0000000002c70000)]

Stack: [0x0000000002b70000,0x0000000002c70000]
[error occurred during error reporting (printing stack bounds), id 0xc0000005]

Native frames: (J=compiled Java code, j=interpreted, Vv=VM code, C=native code)

Java frames: (J=compiled Java code, j=interpreted, Vv=VM code)
j  java.util.ResourceBundle$CacheKey.<init>(Ljava/lang/String;Ljava/util/Locale;Ljava/lang/ClassLoader;)V+27
j  java.util.ResourceBundle.getBundleImpl(Ljava/lang/String;Ljava/util/Locale;Ljava/lang/ClassLoader;Ljava/util/ResourceBundle$Control;)Ljava/util/ResourceBundle;+23
j  java.util.ResourceBundle.getBundle(Ljava/lang/String;Ljava/util/Locale;Ljava/util/ResourceBundle$Control;)Ljava/util/ResourceBundle;+9
j  sun.util.resources.LocaleData$1.run()Ljava/util/ResourceBundle;+11
j  sun.util.resources.LocaleData$1.run()Ljava/lang/Object;+1
v  ~StubRoutines::call_stub
j  java.security.AccessController.doPrivileged(Ljava/security/PrivilegedAction;)Ljava/lang/Object;+0
j  sun.util.resources.LocaleData.getBundle(Ljava/lang/String;Ljava/util/Locale;)Ljava/util/ResourceBundle;+9
j  sun.util.resources.LocaleData.getNumberFormatData(Ljava/util/Locale;)Ljava/util/ResourceBundle;+26
j  sun.util.locale.provider.LocaleResources.getNumberPatterns()[Ljava/lang/String;+48
j  sun.util.locale.provider.NumberFormatProviderImpl.getInstance(Ljava/util/Locale;I)Ljava/text/NumberFormat;+25
j  sun.util.locale.provider.NumberFormatProviderImpl.getNumberInstance(Ljava/util/Locale;)Ljava/text/NumberFormat;+3
j  java.text.NumberFormat.getInstance(Lsun/util/locale/provider/LocaleProviderAdapter;Ljava/util/Locale;I)Ljava/text/NumberFormat;+46
j  java.text.NumberFormat.getInstance(Ljava/util/Locale;I)Ljava/text/NumberFormat;+10
j  java.text.NumberFormat.getNumberInstance(Ljava/util/Locale;)Ljava/text/NumberFormat;+2
j  java.util.Scanner.useLocale(Ljava/util/Locale;)Ljava/util/Scanner;+19
j  java.util.Scanner.<init>(Ljava/lang/Readable;Ljava/util/regex/Pattern;)V+244
j  java.util.Scanner.<init>(Ljava/lang/Readable;)V+13
j  Prevision.main([Ljava/lang/String;)V+31
v  ~StubRoutines::call_stub

---------------  P R O C E S S  ---------------

Java Threads: ( => current thread )
  0x0000000018126800 JavaThread "Service Thread" daemon [_thread_blocked, id=14036, stack(0x0000000018940000,0x0000000018a40000)]
  0x00000000180f0000 JavaThread "C1 CompilerThread2" daemon [_thread_blocked, id=14452, stack(0x0000000018540000,0x0000000018640000)]
  0x00000000180ef800 JavaThread "C2 CompilerThread1" daemon [_thread_blocked, id=12356, stack(0x0000000018660000,0x0000000018760000)]
  0x0000000016829800 JavaThread "C2 CompilerThread0" daemon [_thread_blocked, id=16328, stack(0x0000000017b30000,0x0000000017c30000)]
  0x0000000016825000 JavaThread "Attach Listener" daemon [_thread_blocked, id=9244, stack(0x0000000017fa0000,0x00000000180a0000)]
  0x0000000016823800 JavaThread "Signal Dispatcher" daemon [_thread_blocked, id=15520, stack(0x0000000017e70000,0x0000000017f70000)]
  0x0000000016809800 JavaThread "Finalizer" daemon [_thread_blocked, id=5360, stack(0x0000000017cd0000,0x0000000017dd0000)]
  0x00000000167c2800 JavaThread "Reference Handler" daemon [_thread_blocked, id=7644, stack(0x0000000017a00000,0x0000000017b00000)]
=>0x00000000004ce800 JavaThread "main" [_thread_in_native, id=14384, stack(0x0000000002b70000,0x0000000002c70000)]

Other Threads:
  0x00000000167ba800 VMThread [stack: 0x0000000017810000,0x0000000017910000] [id=11620]
  0x000000001812c800 WatcherThread [stack: 0x00000000187a0000,0x00000000188a0000] [id=5052]

VM state:not at safepoint (normal execution)

VM Mutex/Monitor currently owned by a thread: None

Heap:
 PSYoungGen      total 28672K, used 1474K [0x00000000e0000000, 0x00000000e2000000, 0x0000000100000000)
  eden space 24576K, 6% used [0x00000000e0000000,0x00000000e0170a90,0x00000000e1800000)
  from space 4096K, 0% used [0x00000000e1c00000,0x00000000e1c00000,0x00000000e2000000)
  to   space 4096K, 0% used [0x00000000e1800000,0x00000000e1800000,0x00000000e1c00000)
 ParOldGen       total 65536K, used 0K [0x00000000a0000000, 0x00000000a4000000, 0x00000000e0000000)
  object space 65536K, 0% used [0x00000000a0000000,0x00000000a0000000,0x00000000a4000000)
 Metaspace       used 3033K, capacity 4490K, committed 4864K, reserved 1060864K
  class space    used 346K, capacity 386K, committed 512K, reserved 1048576K

Card table byte_map: [0x0000000012030000,0x0000000012340000] byte_map_base: 0x0000000011b30000

Marking Bits: (ParMarkBitMap*) 0x000000006fffb6d0
 Begin Bits: [0x0000000012b30000, 0x0000000014330000)
 End Bits:   [0x0000000014330000, 0x0000000015b30000)

Polling page: 0x0000000000400000

CodeCache: size=245760Kb used=1148Kb max_used=1148Kb free=244611Kb
 bounds [0x0000000002c70000, 0x0000000002ee0000, 0x0000000011c70000]
 total_blobs=272 nmethods=39 adapters=148
 compilation: enabled

Compilation events (10 events):
Event: 0.226 Thread 0x00000000180f0000 nmethod 33 0x0000000002d88c50 code [0x0000000002d88ee0, 0x0000000002d8a628]
Event: 0.227 Thread 0x00000000180f0000   34       3       java.lang.String::startsWith (72 bytes)
Event: 0.227 Thread 0x00000000180f0000 nmethod 34 0x0000000002d8b450 code [0x0000000002d8b5c0, 0x0000000002d8b8f0]
Event: 0.227 Thread 0x00000000180f0000   35       1       java.io.File::getPath (5 bytes)
Event: 0.227 Thread 0x00000000180f0000 nmethod 35 0x0000000002d8bad0 code [0x0000000002d8bc20, 0x0000000002d8bd30]
Event: 0.228 Thread 0x00000000180f0000   36       3       java.lang.AbstractStringBuilder::<init> (12 bytes)
Event: 0.229 Thread 0x00000000180f0000 nmethod 36 0x0000000002d8bd90 code [0x0000000002d8bf00, 0x0000000002d8c150]
Event: 0.229 Thread 0x00000000180f0000   37       3       java.lang.Character::toLowerCase (6 bytes)
Event: 0.229 Thread 0x00000000180f0000 nmethod 37 0x0000000002d8c210 code [0x0000000002d8c380, 0x0000000002d8c618]
Event: 0.230 Thread 0x00000000180f0000   38       3       java.lang.String::toLowerCase (439 bytes)

GC Heap History (0 events):
No events

Deoptimization events (0 events):
No events

Internal exceptions (6 events):
Event: 0.032 Thread 0x00000000004ce800 Exception <a 'java/lang/NoSuchMethodError': Method sun.misc.Unsafe.defineClass(Ljava/lang/String;[BII)Ljava/lang/Class; name or signature does not match> (0x00000000e0007ca8) thrown at [C:\re\workspace\8-2-build-windows-amd64-cygwin\jdk8u121\8372\hotspot\
Event: 0.032 Thread 0x00000000004ce800 Exception <a 'java/lang/NoSuchMethodError': Method sun.misc.Unsafe.prefetchRead(Ljava/lang/Object;J)V name or signature does not match> (0x00000000e0007f90) thrown at [C:\re\workspace\8-2-build-windows-amd64-cygwin\jdk8u121\8372\hotspot\src\share\vm\prims
Event: 0.229 Thread 0x00000000004ce800 Exception <a 'java/security/PrivilegedActionException'> (0x00000000e01103c0) thrown at [C:\re\workspace\8-2-build-windows-amd64-cygwin\jdk8u121\8372\hotspot\src\share\vm\prims\jvm.cpp, line 1390]
Event: 0.229 Thread 0x00000000004ce800 Exception <a 'java/security/PrivilegedActionException'> (0x00000000e01107b8) thrown at [C:\re\workspace\8-2-build-windows-amd64-cygwin\jdk8u121\8372\hotspot\src\share\vm\prims\jvm.cpp, line 1390]
Event: 0.230 Thread 0x00000000004ce800 Exception <a 'java/security/PrivilegedActionException'> (0x00000000e01148b0) thrown at [C:\re\workspace\8-2-build-windows-amd64-cygwin\jdk8u121\8372\hotspot\src\share\vm\prims\jvm.cpp, line 1390]
Event: 0.230 Thread 0x00000000004ce800 Exception <a 'java/security/PrivilegedActionException'> (0x00000000e0114ca8) thrown at [C:\re\workspace\8-2-build-windows-amd64-cygwin\jdk8u121\8372\hotspot\src\share\vm\prims\jvm.cpp, line 1390]

Events (10 events):
Event: 0.229 loading class java/security/PrivilegedActionException done
Event: 0.230 loading class java/net/URLClassLoader$3$1
Event: 0.230 loading class java/net/URLClassLoader$3$1 done
Event: 0.230 loading class java/util/ResourceBundle$RBClassLoader
Event: 0.230 loading class java/util/ResourceBundle$RBClassLoader done
Event: 0.230 loading class java/util/ResourceBundle$RBClassLoader$1
Event: 0.230 loading class java/util/ResourceBundle$RBClassLoader$1 done
Event: 0.230 loading class java/util/ResourceBundle$CacheKey
Event: 0.230 loading class java/util/ResourceBundle$CacheKey done
Event: 0.231 loading class java/util/ResourceBundle$LoaderReference


Dynamic libraries:
0x000000013f480000 - 0x000000013f4b7000 	C:\Program Files\Java\jdk1.8.0_121\bin\java.exe
0x00000000771f0000 - 0x0000000077398000 	C:\Windows\SYSTEM32\ntdll.dll
0x00000000770d0000 - 0x00000000771ef000 	C:\Windows\system32\kernel32.dll
0x000007fefd1c0000 - 0x000007fefd22b000 	C:\Windows\system32\KERNELBASE.dll
0x000007feff420000 - 0x000007feff4fb000 	C:\Windows\system32\ADVAPI32.dll
0x000007fefefd0000 - 0x000007feff06f000 	C:\Windows\system32\msvcrt.dll
0x000007fefdb40000 - 0x000007fefdb5f000 	C:\Windows\SYSTEM32\sechost.dll
0x000007fefd370000 - 0x000007fefd49d000 	C:\Windows\system32\RPCRT4.dll
0x0000000076fd0000 - 0x00000000770ca000 	C:\Windows\system32\USER32.dll
0x000007fefda80000 - 0x000007fefdae7000 	C:\Windows\system32\GDI32.dll
0x000007fefd990000 - 0x000007fefd99e000 	C:\Windows\system32\LPK.dll
0x000007fefd9a0000 - 0x000007fefda69000 	C:\Windows\system32\USP10.dll
0x000007fefb350000 - 0x000007fefb544000 	C:\Windows\WinSxS\amd64_microsoft.windows.common-controls_6595b64144ccf1df_6.0.7601.18807_none_fa381d5f175bfb52\COMCTL32.dll
0x000007feff3a0000 - 0x000007feff411000 	C:\Windows\system32\SHLWAPI.dll
0x000007fefd960000 - 0x000007fefd98e000 	C:\Windows\system32\IMM32.DLL
0x000007fefd4a0000 - 0x000007fefd5a9000 	C:\Windows\system32\MSCTF.dll
0x000007fefceb0000 - 0x000007fefcf1b000 	C:\PROGRA~1\Citrix\System32\MFAPHOOK64.DLL
0x000007fefcdd0000 - 0x000007fefce05000 	C:\Program Files\Citrix\ICAService\picaFullScreenHookX64.dll
0x000007fefc670000 - 0x000007fefc6ac000 	C:\Program Files\Citrix\ICAService\ShellHook64.dll
0x000007feff190000 - 0x000007feff393000 	C:\Windows\system32\ole32.dll
0x000007fefdcf0000 - 0x000007fefea7b000 	C:\Windows\system32\SHELL32.dll
0x000007fefcc30000 - 0x000007fefcdc4000 	C:\Program Files\Citrix\ICAService\SCardHook64.dll
0x000007fefcc00000 - 0x000007fefcc26000 	C:\Program Files\Citrix\ICAService\cxinjime64.dll
0x000007fefcb80000 - 0x000007fefcbf6000 	C:\Program Files\Citrix\ICAService\PicaWtsHook64.dll
0x00000000793e0000 - 0x00000000794b2000 	C:\Program Files\Java\jdk1.8.0_121\jre\bin\msvcr100.dll
0x000000006f7e0000 - 0x000000007007b000 	C:\Program Files\Java\jdk1.8.0_121\jre\bin\server\jvm.dll
0x000007fed55f0000 - 0x000007fed55f9000 	C:\Windows\system32\WSOCK32.dll
0x000007fefdaf0000 - 0x000007fefdb3d000 	C:\Windows\system32\WS2_32.dll
0x000007fefda70000 - 0x000007fefda78000 	C:\Windows\system32\NSI.dll
0x000007fef1a30000 - 0x000007fef1a6b000 	C:\Windows\system32\WINMM.dll
0x000007fefb850000 - 0x000007fefb85c000 	C:\Windows\system32\VERSION.dll
0x00000000773c0000 - 0x00000000773c7000 	C:\Windows\system32\PSAPI.DLL
0x0000000063470000 - 0x000000006347f000 	C:\Program Files\Java\jdk1.8.0_121\jre\bin\verify.dll
0x000000006d410000 - 0x000000006d439000 	C:\Program Files\Java\jdk1.8.0_121\jre\bin\java.dll
0x0000000001f00000 - 0x0000000001f16000 	C:\Program Files\Java\jdk1.8.0_121\jre\bin\zip.dll
0x000007fefcfb0000 - 0x000007fefcfbf000 	C:\Windows\system32\profapi.dll

VM Arguments:
jvm_args: -Dfile.encoding=UTF-8 
java_command: Prevision
java_class_path (initial): \\s-ganesh-dc01\data\Perso\lionel\Desktop\prevision_java\JavaApplication2\build\classes
Launcher Type: SUN_STANDARD

Environment Variables:
PATH=C:\Program Files (x86)\Kerio\Outlook Connector (Offline Edition)\;C:\Program Files (x86)\Common Files\Oracle\Java\javapath;C:\ProgramData\Oracle\Java\javapath;C:\Windows\system32;C:\Windows;C:\Windows\System32\Wbem;C:\Windows\System32\WindowsPowerShell\v1.0\;C:\Program Files\Citrix\ICAService\;C:\Program Files\Citrix\System32\;C:\Program Files\Citrix\Virtual Desktop Agent\;C:\Program Files (x86)\Common Files\Citrix\System32;C:\Program Files (x86)\Citrix\App Switcher\;C:\Program Files (x86)\Brackets\command;C:\Program Files\BackupClient\CommandLineTool\;C:\Program Files\BackupClient\PyShell\bin\;C:\Program Files (x86)\Common Files\Acronis\SnapAPI\;C:\MinGW\bin;C:\MinGW\msys\1.0\bin\;C:\Program Files\Git\cmd;C:\MinGW\bin;C:\MinGW\msys\1.0\bin;C:\Program Files\Microsoft VS Code\bin;\\s-ganesh-dc01\data\Perso\lionel\AppData\Roaming\Dashlane\5.7.0.16178\bin\Firefox_Extension\{442718d9-475e-452a-b3e1-fb1ee16b8e9f}\components;\\s-ganesh-dc01\data\Perso\lionel\AppData\Roaming\Dashlane\5.7.0.16178\ucrt
USERNAME=lionel
OS=Windows_NT
PROCESSOR_IDENTIFIER=Intel64 Family 6 Model 62 Stepping 4, GenuineIntel



---------------  S Y S T E M  ---------------

OS: Windows 7 , 64 bit Build 7601 (6.1.7601.23002)

CPU:total 4 (4 cores per cpu, 1 threads per core) family 6 model 62 stepping 4, cmov, cx8, fxsr, mmx, sse, sse2, sse3, ssse3, sse4.1, sse4.2, popcnt, aes, clmul, erms, tsc

Memory: 4k page, physical 6286964k(231544k free), swap 10479412k(4328k free)

vm_info: Java HotSpot(TM) 64-Bit Server VM (25.121-b13) for windows-amd64 JRE (1.8.0_121-b13), built on Dec 12 2016 18:21:36 by "java_re" with MS VC++ 10.0 (VS2010)

time: Mon Sep 17 10:24:17 2018
elapsed time: 0 seconds (0d 0h 0m 0s)

